2020-12-15 02:46:13:222  [TID      19680][INFO    ] Default Logger initialized [dmvcframework]
2020-12-15 02:46:13:222  [TID      19680][INFO    ] Server started on port 8080 [dmvcframework]
2020-12-15 02:46:46:626  [TID      12044][INFO    ] ENTER: Config default values [dmvcframework]
2020-12-15 02:46:46:626  [TID      12044][INFO    ] EXIT: Config default values [dmvcframework]
2020-12-15 02:46:46:626  [TID      12044][INFO    ] >> Custom configuration method [dmvcframework]
2020-12-15 02:46:46:626  [TID      12044][INFO    ] << Custom configuration method [dmvcframework]
2020-12-15 02:46:46:626  [TID      12044][INFO    ] ENTER: LoadSystemControllers [dmvcframework]
2020-12-15 02:46:46:626  [TID      12044][INFO    ] EXIT: LoadSystemControllers [dmvcframework]
2020-12-15 02:46:46:629  [TID      12044][INFO    ] GET:/api/reversedstrings/juliomar [0:0:0:0:0:0:0:1] -> BPeController.TBPeController.GetReversedString - 200 OK [dmvcframework]
2020-12-15 02:48:30:449  [TID      33340][INFO    ] Default Logger initialized [dmvcframework]
2020-12-15 02:48:30:449  [TID      33340][INFO    ] Server started on port 8080 [dmvcframework]
2020-12-15 02:48:37:028  [TID      33000][INFO    ] ENTER: Config default values [dmvcframework]
2020-12-15 02:48:37:028  [TID      33000][INFO    ] EXIT: Config default values [dmvcframework]
2020-12-15 02:48:37:028  [TID      33000][INFO    ] >> Custom configuration method [dmvcframework]
2020-12-15 02:48:37:028  [TID      33000][INFO    ] << Custom configuration method [dmvcframework]
2020-12-15 02:48:37:028  [TID      33000][INFO    ] ENTER: LoadSystemControllers [dmvcframework]
2020-12-15 02:48:37:028  [TID      33000][INFO    ] EXIT: LoadSystemControllers [dmvcframework]
2020-12-15 02:48:37:029  [TID      33000][INFO    ] GET:/api/ [0:0:0:0:0:0:0:1] -> {NOT FOUND} - 404 Not Found [dmvcframework]
2020-12-15 02:48:37:029  [TID      33000][ERROR   ] [EMVCException] Not Found (Custom message: "GET /api/") [dmvcframework]
2020-12-15 02:48:39:764  [TID      28380][INFO    ] GET:/api [0:0:0:0:0:0:0:1] -> BPeController.TBPeController.Index - 200 OK [dmvcframework]
2020-12-15 03:05:10:464  [TID      11404][INFO    ] Default Logger initialized [dmvcframework]
2020-12-15 03:05:10:464  [TID      11404][INFO    ] Server started on port 8080 [dmvcframework]
2020-12-15 03:05:41:846  [TID      30708][INFO    ] ENTER: Config default values [dmvcframework]
2020-12-15 03:05:41:846  [TID      30708][INFO    ] EXIT: Config default values [dmvcframework]
2020-12-15 03:05:41:846  [TID      30708][INFO    ] >> Custom configuration method [dmvcframework]
2020-12-15 03:05:41:846  [TID      30708][INFO    ] << Custom configuration method [dmvcframework]
2020-12-15 03:05:41:847  [TID      30708][INFO    ] ENTER: LoadSystemControllers [dmvcframework]
2020-12-15 03:05:41:847  [TID      30708][INFO    ] EXIT: LoadSystemControllers [dmvcframework]
2020-12-15 03:05:41:847  [TID      30708][INFO    ] GET:/bpe/v1/bilhetes [0:0:0:0:0:0:0:1] -> {NOT FOUND} - 404 Not Found [dmvcframework]
2020-12-15 03:05:45:153  [TID      30708][ERROR   ] [EMVCException] Not Found (Custom message: "GET /bpe/v1/bilhetes") [dmvcframework]
2020-12-15 03:07:22:955  [TID      30812][INFO    ] POST:/bpe/v1/bilhetes [0:0:0:0:0:0:0:1] -> BPeController.TBPeController.CreateBrilhetes - 200 OK [dmvcframework]
2020-12-15 03:10:44:727  [TID      26384][INFO    ] Default Logger initialized [dmvcframework]
2020-12-15 03:10:44:727  [TID      26384][INFO    ] Server started on port 8080 [dmvcframework]
2020-12-15 03:10:48:853  [TID      15496][INFO    ] ENTER: Config default values [dmvcframework]
2020-12-15 03:10:48:853  [TID      15496][INFO    ] EXIT: Config default values [dmvcframework]
2020-12-15 03:10:48:853  [TID      15496][INFO    ] >> Custom configuration method [dmvcframework]
2020-12-15 03:10:48:853  [TID      15496][INFO    ] << Custom configuration method [dmvcframework]
2020-12-15 03:10:48:853  [TID      15496][INFO    ] ENTER: LoadSystemControllers [dmvcframework]
2020-12-15 03:10:48:853  [TID      15496][INFO    ] EXIT: LoadSystemControllers [dmvcframework]
2020-12-15 03:11:03:054  [TID      15496][INFO    ] POST:/bpe/v1/bilhetes [0:0:0:0:0:0:0:1] -> BPeController.TBPeController.CreateBrilhetes - 200 OK [dmvcframework]
2020-12-15 03:15:04:727  [TID      21176][INFO    ] Default Logger initialized [dmvcframework]
2020-12-15 03:15:04:727  [TID      21176][INFO    ] Server started on port 8080 [dmvcframework]
2020-12-15 03:15:12:230  [TID      22716][INFO    ] ENTER: Config default values [dmvcframework]
2020-12-15 03:15:12:230  [TID      22716][INFO    ] EXIT: Config default values [dmvcframework]
2020-12-15 03:15:12:230  [TID      22716][INFO    ] >> Custom configuration method [dmvcframework]
2020-12-15 03:15:12:230  [TID      22716][INFO    ] << Custom configuration method [dmvcframework]
2020-12-15 03:15:12:230  [TID      22716][INFO    ] ENTER: LoadSystemControllers [dmvcframework]
2020-12-15 03:15:12:230  [TID      22716][INFO    ] EXIT: LoadSystemControllers [dmvcframework]
2020-12-15 03:15:30:861  [TID      22716][ERROR   ] [Exception] Não possível gerar o bilhete (Custom message: "Global Action Exception Handler") [dmvcframework]
2020-12-15 03:15:50:673  [TID      22716][INFO    ] POST:/bpe/v1/bilhetes [0:0:0:0:0:0:0:1] -> BPeController.TBPeController.CreateBrilhetes - 200 OK [dmvcframework]
2020-12-15 03:19:09:713  [TID      31228][INFO    ] Default Logger initialized [dmvcframework]
2020-12-15 03:19:09:713  [TID      31228][INFO    ] Server started on port 8080 [dmvcframework]
2020-12-15 03:19:12:632  [TID       1144][INFO    ] ENTER: Config default values [dmvcframework]
2020-12-15 03:19:12:632  [TID       1144][INFO    ] EXIT: Config default values [dmvcframework]
2020-12-15 03:19:12:632  [TID       1144][INFO    ] >> Custom configuration method [dmvcframework]
2020-12-15 03:19:12:632  [TID       1144][INFO    ] << Custom configuration method [dmvcframework]
2020-12-15 03:19:12:632  [TID       1144][INFO    ] ENTER: LoadSystemControllers [dmvcframework]
2020-12-15 03:19:12:632  [TID       1144][INFO    ] EXIT: LoadSystemControllers [dmvcframework]
2020-12-15 03:19:42:909  [TID       1144][INFO    ] POST:/bpe/v1/bilhetes [0:0:0:0:0:0:0:1] -> BPeController.TBPeController.CreateBrilhetes - 200 OK [dmvcframework]
2020-12-15 03:20:05:979  [TID       1144][INFO    ] POST:/bpe/v1/bilhetes [0:0:0:0:0:0:0:1] -> BPeController.TBPeController.CreateBrilhetes - 200 OK [dmvcframework]
